0 info it worked if it ends with ok
1 verbose cli [ '/usr/bin/node',
1 verbose cli   '/usr/bin/npm',
1 verbose cli   'install',
1 verbose cli   'cross-env',
1 verbose cli   'PORT=3001',
1 verbose cli   'CHOKIDAR_USEPOLLING=true',
1 verbose cli   'react-scripts-ts',
1 verbose cli   'start' ]
2 info using npm@3.5.2
3 info using node@v8.10.0
4 verbose config Skipping project config: /home/martin/.npmrc. (matches userconfig)
5 silly loadCurrentTree Starting
6 silly install loadCurrentTree
7 silly install readLocalPackageData
8 silly fetchPackageMetaData cross-env
9 silly fetchPackageMetaData PORT=3001
10 silly fetchPackageMetaData CHOKIDAR_USEPOLLING=true
11 silly fetchPackageMetaData react-scripts-ts
12 silly fetchPackageMetaData start
13 silly fetchNamedPackageData cross-env
14 silly mapToRegistry name cross-env
15 silly mapToRegistry using default registry
16 silly mapToRegistry registry https://registry.npmjs.org/
17 silly mapToRegistry uri https://registry.npmjs.org/cross-env
18 silly fetchOtherPackageData PORT=3001
19 silly cache add args [ 'PORT=3001', null ]
20 verbose cache add spec PORT=3001
21 silly fetchOtherPackageData CHOKIDAR_USEPOLLING=true
22 silly cache add args [ 'CHOKIDAR_USEPOLLING=true', null ]
23 verbose cache add spec CHOKIDAR_USEPOLLING=true
24 silly fetchNamedPackageData react-scripts-ts
25 silly mapToRegistry name react-scripts-ts
26 silly mapToRegistry using default registry
27 silly mapToRegistry registry https://registry.npmjs.org/
28 silly mapToRegistry uri https://registry.npmjs.org/react-scripts-ts
29 silly fetchNamedPackageData start
30 silly mapToRegistry name start
31 silly mapToRegistry using default registry
32 silly mapToRegistry registry https://registry.npmjs.org/
33 silly mapToRegistry uri https://registry.npmjs.org/start
34 verbose request uri https://registry.npmjs.org/cross-env
35 verbose request no auth needed
36 info attempt registry request try #1 at 11:40:45 PM
37 verbose request id 3a003fd68e3d55e8
38 http request GET https://registry.npmjs.org/cross-env
39 silly cache add parsed spec Result {
39 silly cache add   raw: 'PORT=3001',
39 silly cache add   scope: null,
39 silly cache add   name: null,
39 silly cache add   rawSpec: 'PORT=3001',
39 silly cache add   spec: '/home/martin/Desktop/newhelpdesk/PORT=3001',
39 silly cache add   type: 'local' }
40 silly cache add parsed spec Result {
40 silly cache add   raw: 'CHOKIDAR_USEPOLLING=true',
40 silly cache add   scope: null,
40 silly cache add   name: null,
40 silly cache add   rawSpec: 'CHOKIDAR_USEPOLLING=true',
40 silly cache add   spec: '/home/martin/Desktop/newhelpdesk/CHOKIDAR_USEPOLLING=true',
40 silly cache add   type: 'local' }
41 error addLocal Could not install /home/martin/Desktop/newhelpdesk/PORT=3001
42 silly fetchPackageMetaData Error: ENOENT: no such file or directory, open '/home/martin/Desktop/newhelpdesk/PORT=3001'
42 silly fetchPackageMetaData  error for PORT=3001 { Error: ENOENT: no such file or directory, open '/home/martin/Desktop/newhelpdesk/PORT=3001'
42 silly fetchPackageMetaData   errno: -2,
42 silly fetchPackageMetaData   code: 'ENOENT',
42 silly fetchPackageMetaData   syscall: 'open',
42 silly fetchPackageMetaData   path: '/home/martin/Desktop/newhelpdesk/PORT=3001' }
43 error addLocal Could not install /home/martin/Desktop/newhelpdesk/CHOKIDAR_USEPOLLING=true
44 silly fetchPackageMetaData Error: ENOENT: no such file or directory, open '/home/martin/Desktop/newhelpdesk/CHOKIDAR_USEPOLLING=true'
44 silly fetchPackageMetaData  error for CHOKIDAR_USEPOLLING=true { Error: ENOENT: no such file or directory, open '/home/martin/Desktop/newhelpdesk/CHOKIDAR_USEPOLLING=true'
44 silly fetchPackageMetaData   errno: -2,
44 silly fetchPackageMetaData   code: 'ENOENT',
44 silly fetchPackageMetaData   syscall: 'open',
44 silly fetchPackageMetaData   path: '/home/martin/Desktop/newhelpdesk/CHOKIDAR_USEPOLLING=true' }
45 verbose request uri https://registry.npmjs.org/start
46 verbose request no auth needed
47 info attempt registry request try #1 at 11:40:45 PM
48 verbose etag W/"f5440ad4f65d0053ca20afd097b05718"
49 verbose lastModified Sat, 05 Jan 2019 13:17:40 GMT
50 http request GET https://registry.npmjs.org/start
51 verbose request uri https://registry.npmjs.org/react-scripts-ts
52 verbose request no auth needed
53 info attempt registry request try #1 at 11:40:45 PM
54 verbose etag W/"638e925d28ea1405076aa4daa51f008d"
55 verbose lastModified Sat, 05 Jan 2019 08:11:13 GMT
56 http request GET https://registry.npmjs.org/react-scripts-ts
57 http 304 https://registry.npmjs.org/react-scripts-ts
58 verbose headers { date: 'Tue, 02 Apr 2019 06:40:45 GMT',
58 verbose headers   connection: 'keep-alive',
58 verbose headers   'set-cookie':
58 verbose headers    [ '__cfduid=d3af6f8aec48cc70b9812c918ed71ea201554187245; expires=Wed, 01-Apr-20 06:40:45 GMT; path=/; domain=.registry.npmjs.org; HttpOnly' ],
58 verbose headers   'cf-cache-status': 'HIT',
58 verbose headers   'cache-control': 'max-age=300',
58 verbose headers   'cf-ray': '4c10d02c1b5a7bc0-PRG',
58 verbose headers   etag: '"638e925d28ea1405076aa4daa51f008d"',
58 verbose headers   'expect-ct': 'max-age=604800, report-uri="https://report-uri.cloudflare.com/cdn-cgi/beacon/expect-ct"',
58 verbose headers   'last-modified': 'Sat, 05 Jan 2019 08:11:13 GMT',
58 verbose headers   vary: 'accept-encoding, accept',
58 verbose headers   'x-amz-meta-rev': '72-b7c5a8969fd9c0940416db8154721a28',
58 verbose headers   server: 'cloudflare' }
59 silly get cb [ 304,
59 silly get   { date: 'Tue, 02 Apr 2019 06:40:45 GMT',
59 silly get     connection: 'keep-alive',
59 silly get     'set-cookie':
59 silly get      [ '__cfduid=d3af6f8aec48cc70b9812c918ed71ea201554187245; expires=Wed, 01-Apr-20 06:40:45 GMT; path=/; domain=.registry.npmjs.org; HttpOnly' ],
59 silly get     'cf-cache-status': 'HIT',
59 silly get     'cache-control': 'max-age=300',
59 silly get     'cf-ray': '4c10d02c1b5a7bc0-PRG',
59 silly get     etag: '"638e925d28ea1405076aa4daa51f008d"',
59 silly get     'expect-ct': 'max-age=604800, report-uri="https://report-uri.cloudflare.com/cdn-cgi/beacon/expect-ct"',
59 silly get     'last-modified': 'Sat, 05 Jan 2019 08:11:13 GMT',
59 silly get     vary: 'accept-encoding, accept',
59 silly get     'x-amz-meta-rev': '72-b7c5a8969fd9c0940416db8154721a28',
59 silly get     server: 'cloudflare' } ]
60 verbose etag https://registry.npmjs.org/react-scripts-ts from cache
61 verbose get saving react-scripts-ts to /home/martin/.npm/registry.npmjs.org/react-scripts-ts/.cache.json
62 http 200 https://registry.npmjs.org/cross-env
63 verbose headers { date: 'Tue, 02 Apr 2019 06:40:45 GMT',
63 verbose headers   'content-type': 'application/json',
63 verbose headers   'transfer-encoding': 'chunked',
63 verbose headers   connection: 'keep-alive',
63 verbose headers   'set-cookie':
63 verbose headers    [ '__cfduid=d799d5cb6a49fca9e30eb3285ed487c6b1554187245; expires=Wed, 01-Apr-20 06:40:45 GMT; path=/; domain=.registry.npmjs.org; HttpOnly' ],
63 verbose headers   'cf-cache-status': 'HIT',
63 verbose headers   'cache-control': 'max-age=300',
63 verbose headers   'cf-ray': '4c10d02c2afc3de4-PRG',
63 verbose headers   etag: 'W/"e3a10aeeaecee3afc1737b48493239ff"',
63 verbose headers   'expect-ct': 'max-age=604800, report-uri="https://report-uri.cloudflare.com/cdn-cgi/beacon/expect-ct"',
63 verbose headers   'last-modified': 'Tue, 01 Jan 2019 17:06:39 GMT',
63 verbose headers   vary: 'accept-encoding, accept',
63 verbose headers   'x-amz-meta-rev': '389-429790e88ff09c8afc321b4b6f682aff',
63 verbose headers   server: 'cloudflare',
63 verbose headers   'content-encoding': 'gzip' }
64 silly get cb [ 200,
64 silly get   { date: 'Tue, 02 Apr 2019 06:40:45 GMT',
64 silly get     'content-type': 'application/json',
64 silly get     'transfer-encoding': 'chunked',
64 silly get     connection: 'keep-alive',
64 silly get     'set-cookie':
64 silly get      [ '__cfduid=d799d5cb6a49fca9e30eb3285ed487c6b1554187245; expires=Wed, 01-Apr-20 06:40:45 GMT; path=/; domain=.registry.npmjs.org; HttpOnly' ],
64 silly get     'cf-cache-status': 'HIT',
64 silly get     'cache-control': 'max-age=300',
64 silly get     'cf-ray': '4c10d02c2afc3de4-PRG',
64 silly get     etag: 'W/"e3a10aeeaecee3afc1737b48493239ff"',
64 silly get     'expect-ct': 'max-age=604800, report-uri="https://report-uri.cloudflare.com/cdn-cgi/beacon/expect-ct"',
64 silly get     'last-modified': 'Tue, 01 Jan 2019 17:06:39 GMT',
64 silly get     vary: 'accept-encoding, accept',
64 silly get     'x-amz-meta-rev': '389-429790e88ff09c8afc321b4b6f682aff',
64 silly get     server: 'cloudflare',
64 silly get     'content-encoding': 'gzip' } ]
65 verbose get saving cross-env to /home/martin/.npm/registry.npmjs.org/cross-env/.cache.json
66 http 304 https://registry.npmjs.org/start
67 verbose headers { date: 'Tue, 02 Apr 2019 06:40:46 GMT',
67 verbose headers   connection: 'keep-alive',
67 verbose headers   'set-cookie':
67 verbose headers    [ '__cfduid=d3db4a960543ee093f37362f13abf5de01554187245; expires=Wed, 01-Apr-20 06:40:45 GMT; path=/; domain=.registry.npmjs.org; HttpOnly' ],
67 verbose headers   'cf-cache-status': 'REVALIDATED',
67 verbose headers   'cache-control': 'max-age=300',
67 verbose headers   'cf-ray': '4c10d02c1db77bf0-PRG',
67 verbose headers   etag: '"f5440ad4f65d0053ca20afd097b05718"',
67 verbose headers   'expect-ct': 'max-age=604800, report-uri="https://report-uri.cloudflare.com/cdn-cgi/beacon/expect-ct"',
67 verbose headers   'last-modified': 'Sat, 05 Jan 2019 13:17:40 GMT',
67 verbose headers   vary: 'accept-encoding, accept',
67 verbose headers   'x-amz-meta-rev': '48-212ddfa26c1cadaf36dabd010cf502ef',
67 verbose headers   server: 'cloudflare' }
68 silly get cb [ 304,
68 silly get   { date: 'Tue, 02 Apr 2019 06:40:46 GMT',
68 silly get     connection: 'keep-alive',
68 silly get     'set-cookie':
68 silly get      [ '__cfduid=d3db4a960543ee093f37362f13abf5de01554187245; expires=Wed, 01-Apr-20 06:40:45 GMT; path=/; domain=.registry.npmjs.org; HttpOnly' ],
68 silly get     'cf-cache-status': 'REVALIDATED',
68 silly get     'cache-control': 'max-age=300',
68 silly get     'cf-ray': '4c10d02c1db77bf0-PRG',
68 silly get     etag: '"f5440ad4f65d0053ca20afd097b05718"',
68 silly get     'expect-ct': 'max-age=604800, report-uri="https://report-uri.cloudflare.com/cdn-cgi/beacon/expect-ct"',
68 silly get     'last-modified': 'Sat, 05 Jan 2019 13:17:40 GMT',
68 silly get     vary: 'accept-encoding, accept',
68 silly get     'x-amz-meta-rev': '48-212ddfa26c1cadaf36dabd010cf502ef',
68 silly get     server: 'cloudflare' } ]
69 verbose etag https://registry.npmjs.org/start from cache
70 verbose get saving start to /home/martin/.npm/registry.npmjs.org/start/.cache.json
71 silly rollbackFailedOptional Starting
72 silly rollbackFailedOptional Finishing
73 silly runTopLevelLifecycles Starting
74 silly runTopLevelLifecycles Finishing
75 silly install printInstalled
76 verbose stack Error: ENOENT: no such file or directory, open '/home/martin/Desktop/newhelpdesk/PORT=3001'
77 verbose cwd /home/martin/Desktop/newhelpdesk
78 error Linux 4.15.0-44-generic
79 error argv "/usr/bin/node" "/usr/bin/npm" "install" "cross-env" "PORT=3001" "CHOKIDAR_USEPOLLING=true" "react-scripts-ts" "start"
80 error node v8.10.0
81 error npm  v3.5.2
82 error path /home/martin/Desktop/newhelpdesk/PORT=3001
83 error code ENOENT
84 error errno -2
85 error syscall open
86 error enoent ENOENT: no such file or directory, open '/home/martin/Desktop/newhelpdesk/PORT=3001'
87 error enoent ENOENT: no such file or directory, open '/home/martin/Desktop/newhelpdesk/PORT=3001'
87 error enoent This is most likely not a problem with npm itself
87 error enoent and is related to npm not being able to find a file.
88 verbose exit [ -2, true ]
